0 info it worked if it ends with ok
1 verbose cli [ '/usr/local/bin/node', '/usr/local/bin/npm', 'start' ]
2 info using npm@4.1.2
3 info using node@v6.9.3
4 verbose run-script [ 'prestart', 'start', 'poststart' ]
5 info lifecycle Sci-Learn@0.9.7~prestart: Sci-Learn@0.9.7
6 silly lifecycle Sci-Learn@0.9.7~prestart: no script for prestart, continuing
7 info lifecycle Sci-Learn@0.9.7~start: Sci-Learn@0.9.7
8 verbose lifecycle Sci-Learn@0.9.7~start: unsafe-perm in lifecycle true
9 verbose lifecycle Sci-Learn@0.9.7~start: PATH: /usr/local/lib/node_modules/npm/bin/node-gyp-bin:/Users/daniar/Documents/File Ilma/Sci-Learn/node_modules/.bin:/usr/local/bin:/usr/bin:/bin:/usr/sbin:/sbin
10 verbose lifecycle Sci-Learn@0.9.7~start: CWD: /Users/daniar/Documents/File Ilma/Sci-Learn
11 silly lifecycle Sci-Learn@0.9.7~start: Args: [ '-c', 'node ./bin/www' ]
12 silly lifecycle Sci-Learn@0.9.7~start: Returned: code: 1  signal: null
13 info lifecycle Sci-Learn@0.9.7~start: Failed to exec start script
14 verbose stack Error: Sci-Learn@0.9.7 start: `node ./bin/www`
14 verbose stack Exit status 1
14 verbose stack     at EventEmitter.<anonymous> (/usr/local/lib/node_modules/npm/lib/utils/lifecycle.js:279:16)
14 verbose stack     at emitTwo (events.js:106:13)
14 verbose stack     at EventEmitter.emit (events.js:191:7)
14 verbose stack     at ChildProcess.<anonymous> (/usr/local/lib/node_modules/npm/lib/utils/spawn.js:40:14)
14 verbose stack     at emitTwo (events.js:106:13)
14 verbose stack     at ChildProcess.emit (events.js:191:7)
14 verbose stack     at maybeClose (internal/child_process.js:877:16)
14 verbose stack     at Process.ChildProcess._handle.onexit (internal/child_process.js:226:5)
15 verbose pkgid Sci-Learn@0.9.7
16 verbose cwd /Users/daniar/Documents/File Ilma/Sci-Learn
17 error Darwin 16.4.0
18 error argv "/usr/local/bin/node" "/usr/local/bin/npm" "start"
19 error node v6.9.3
20 error npm  v4.1.2
21 error code ELIFECYCLE
22 error Sci-Learn@0.9.7 start: `node ./bin/www`
22 error Exit status 1
23 error Failed at the Sci-Learn@0.9.7 start script 'node ./bin/www'.
23 error Make sure you have the latest version of node.js and npm installed.
23 error If you do, this is most likely a problem with the Sci-Learn package,
23 error not with npm itself.
23 error Tell the author that this fails on your system:
23 error     node ./bin/www
23 error You can get information on how to open an issue for this project with:
23 error     npm bugs Sci-Learn
23 error Or if that isn't available, you can get their info via:
23 error     npm owner ls Sci-Learn
23 error There is likely additional logging output above.
24 verbose exit [ 1, true ]
